SF:lib/models/trail_data.dart
DA:29,5
DA:43,1
DA:44,1
DA:45,1
DA:46,1
DA:47,1
DA:48,1
DA:49,1
DA:50,2
DA:51,2
DA:52,1
DA:53,1
DA:54,2
DA:55,1
DA:60,1
DA:61,1
DA:62,1
DA:63,1
DA:64,1
DA:65,1
DA:66,1
DA:67,3
DA:68,2
DA:69,1
DA:70,1
DA:71,2
DA:72,1
LF:27
LH:27
end_of_record
SF:lib/models/trail_data.g.dart
DA:13,0
DA:15,0
DA:16,0
DA:17,0
DA:19,0
DA:20,0
DA:21,0
DA:22,0
DA:23,0
DA:24,0
DA:25,0
DA:26,0
DA:27,0
DA:28,0
DA:29,0
DA:30,0
DA:34,1
DA:37,1
DA:38,1
DA:39,2
DA:40,1
DA:41,2
DA:42,1
DA:43,2
DA:44,1
DA:45,2
DA:46,1
DA:47,2
DA:48,1
DA:49,2
DA:50,1
DA:51,2
DA:52,1
DA:53,2
DA:54,1
DA:55,2
DA:56,1
DA:57,2
DA:58,1
DA:59,2
DA:62,1
DA:63,2
DA:65,1
DA:68,1
DA:69,3
DA:70,3
LF:46
LH:30
end_of_record
SF:lib/models/user_model.g.dart
DA:13,0
DA:15,0
DA:16,0
DA:17,0
DA:19,0
DA:20,0
DA:21,0
DA:25,1
DA:28,1
DA:29,1
DA:30,2
DA:31,1
DA:32,2
DA:35,1
DA:36,2
DA:38,1
DA:41,1
DA:42,3
DA:43,3
DA:50,0
DA:52,0
DA:53,0
DA:54,0
DA:56,0
DA:57,0
DA:58,0
DA:59,0
DA:63,1
DA:66,1
DA:67,1
DA:68,2
DA:69,1
DA:70,2
DA:71,1
DA:72,2
DA:75,1
DA:76,2
DA:78,1
DA:81,1
DA:82,3
DA:83,3
DA:90,0
DA:92,0
DA:93,0
DA:94,0
DA:96,0
DA:97,0
DA:98,0
DA:99,0
DA:100,0
DA:101,0
DA:102,0
DA:103,0
DA:104,0
DA:105,0
DA:106,0
DA:107,0
DA:108,0
DA:109,0
DA:110,0
DA:111,0
DA:112,0
DA:113,0
DA:114,0
DA:115,0
DA:116,0
DA:117,0
DA:118,0
DA:119,0
DA:120,0
DA:121,0
DA:125,1
DA:128,1
DA:129,1
DA:130,2
DA:131,1
DA:132,2
DA:133,1
DA:134,2
DA:135,1
DA:136,2
DA:137,1
DA:138,2
DA:139,1
DA:140,2
DA:141,1
DA:142,2
DA:143,1
DA:144,2
DA:145,1
DA:146,2
DA:147,1
DA:148,2
DA:149,1
DA:150,2
DA:151,1
DA:152,2
DA:153,1
DA:154,2
DA:155,1
DA:156,2
DA:157,1
DA:158,2
DA:159,1
DA:160,2
DA:161,1
DA:162,2
DA:163,1
DA:164,2
DA:165,1
DA:166,2
DA:167,1
DA:168,2
DA:169,1
DA:170,2
DA:171,1
DA:172,2
DA:173,1
DA:174,2
DA:175,1
DA:176,2
DA:177,1
DA:178,2
DA:181,1
DA:182,2
DA:184,1
DA:187,1
DA:188,3
DA:189,3
LF:129
LH:84
end_of_record
SF:lib/models/user_model.dart
DA:15,4
DA:17,2
DA:18,2
DA:19,2
DA:20,2
DA:24,1
DA:25,0
DA:26,1
DA:27,1
DA:28,1
DA:29,1
DA:46,4
DA:52,2
DA:53,2
DA:54,2
DA:55,2
DA:56,2
DA:60,2
DA:61,2
DA:62,2
DA:63,2
DA:64,2
DA:65,2
DA:71,2
DA:72,2
DA:73,0
DA:74,0
DA:76,0
DA:156,4
DA:184,2
DA:185,2
DA:186,2
DA:187,2
DA:188,2
DA:189,5
DA:190,2
DA:191,2
DA:192,4
DA:193,4
DA:194,2
DA:195,2
DA:196,2
DA:197,2
DA:198,4
DA:199,10
DA:200,2
DA:201,2
DA:202,2
DA:203,2
DA:204,2
DA:205,4
DA:206,2
DA:207,2
DA:208,2
DA:209,2
DA:210,2
DA:214,1
DA:216,1
DA:217,1
DA:219,1
DA:220,1
DA:221,1
DA:222,1
DA:223,1
DA:224,1
DA:225,1
DA:226,1
DA:227,1
DA:228,1
DA:229,1
DA:230,1
DA:231,1
DA:232,1
DA:233,2
DA:235,1
DA:236,1
DA:237,1
DA:238,1
DA:239,1
DA:240,1
DA:241,1
DA:242,1
DA:243,1
DA:244,1
DA:245,1
DA:246,1
DA:251,1
DA:252,1
DA:255,1
DA:256,1
DA:257,0
DA:258,1
DA:259,5
DA:261,0
DA:264,1
DA:265,1
DA:266,0
DA:267,2
DA:270,1
DA:271,1
DA:274,1
DA:275,1
DA:277,2
DA:280,1
DA:281,1
DA:285,1
DA:287,3
DA:288,1
DA:289,1
DA:297,1
DA:298,1
DA:302,1
DA:303,2
DA:304,3
LF:114
LH:107
end_of_record
SF:lib/screens/profile/edit_profile_screen.dart
DA:12,0
DA:14,0
DA:15,0
DA:74,0
DA:76,0
DA:78,0
DA:83,0
DA:85,0
DA:87,0
DA:91,0
DA:94,0
DA:99,0
DA:102,0
DA:106,0
DA:107,0
DA:108,0
DA:109,0
DA:110,0
DA:111,0
DA:112,0
DA:115,0
DA:116,0
DA:117,0
DA:120,0
DA:121,0
DA:122,0
DA:123,0
DA:126,0
DA:127,0
DA:130,0
DA:131,0
DA:132,0
DA:133,0
DA:138,0
DA:142,0
DA:145,0
DA:148,0
DA:153,0
DA:154,0
DA:155,0
DA:156,0
DA:157,0
DA:158,0
DA:159,0
DA:160,0
DA:161,0
DA:162,0
DA:163,0
DA:165,0
DA:166,0
DA:167,0
DA:168,0
DA:170,0
DA:171,0
DA:173,0
DA:178,0
DA:181,0
DA:182,0
DA:183,0
DA:184,0
DA:185,0
DA:186,0
DA:187,0
DA:188,0
DA:189,0
DA:190,0
DA:193,0
DA:194,0
DA:197,0
DA:200,0
DA:201,0
DA:205,0
DA:206,0
DA:207,0
DA:208,0
DA:209,0
DA:210,0
DA:213,0
DA:214,0
DA:215,0
DA:216,0
DA:217,0
DA:218,0
DA:219,0
DA:220,0
DA:222,0
DA:223,0
DA:224,0
DA:225,0
DA:226,0
DA:227,0
DA:228,0
DA:229,0
DA:230,0
DA:231,0
DA:232,0
DA:233,0
DA:234,0
DA:235,0
DA:236,0
DA:240,0
DA:242,0
DA:243,0
DA:245,0
DA:247,0
DA:248,0
DA:253,0
DA:255,0
DA:257,0
DA:258,0
DA:259,0
DA:261,0
DA:264,0
DA:266,0
DA:270,0
DA:271,0
DA:273,0
DA:287,0
DA:288,0
DA:289,0
DA:290,0
DA:291,0
DA:292,0
DA:293,0
DA:294,0
DA:305,0
DA:306,0
DA:308,0
DA:310,0
DA:311,0
DA:312,0
DA:313,0
DA:314,0
DA:315,0
DA:321,0
DA:322,0
DA:323,0
DA:329,0
DA:330,0
DA:331,0
DA:332,0
DA:333,0
DA:334,0
DA:335,0
DA:336,0
DA:339,0
DA:342,0
DA:344,0
DA:345,0
DA:346,0
DA:348,0
DA:350,0
DA:351,0
DA:352,0
DA:353,0
DA:354,0
DA:355,0
DA:356,0
DA:358,0
DA:368,0
DA:369,0
DA:371,0
DA:372,0
DA:373,0
DA:375,0
DA:376,0
DA:378,0
DA:380,0
DA:381,0
DA:383,0
DA:385,0
DA:386,0
DA:387,0
DA:394,0
DA:395,0
DA:398,0
DA:399,0
DA:400,0
DA:401,0
DA:402,0
DA:404,0
DA:406,0
DA:410,0
DA:415,0
DA:416,0
DA:417,0
DA:418,0
DA:420,0
DA:421,0
DA:424,0
DA:426,0
DA:427,0
DA:428,0
DA:431,0
DA:435,0
DA:437,0
DA:439,0
DA:447,0
DA:454,0
DA:455,0
DA:457,0
DA:459,0
DA:460,0
DA:461,0
DA:462,0
DA:467,0
DA:468,0
DA:469,0
DA:475,0
DA:476,0
DA:477,0
DA:478,0
DA:479,0
DA:481,0
DA:482,0
DA:488,0
DA:489,0
DA:490,0
DA:491,0
DA:492,0
DA:494,0
DA:495,0
DA:501,0
DA:502,0
DA:503,0
DA:512,0
DA:513,0
DA:515,0
DA:516,0
DA:517,0
DA:518,0
DA:519,0
DA:525,0
DA:526,0
DA:528,0
DA:529,0
DA:530,0
DA:531,0
DA:533,0
DA:534,0
DA:543,0
DA:544,0
DA:546,0
DA:547,0
DA:549,0
DA:550,0
DA:551,0
DA:552,0
DA:553,0
DA:559,0
DA:564,0
DA:565,0
DA:567,0
DA:569,0
DA:570,0
DA:577,0
DA:584,0
DA:585,0
DA:586,0
DA:587,0
DA:589,0
DA:592,0
DA:603,0
DA:609,0
DA:610,0
DA:611,0
DA:614,0
DA:615,0
DA:616,0
DA:617,0
DA:618,0
DA:620,0
DA:623,0
DA:624,0
DA:629,0
DA:635,0
DA:639,0
DA:640,0
DA:641,0
DA:642,0
DA:643,0
DA:644,0
DA:650,0
DA:651,0
DA:652,0
DA:655,0
DA:656,0
DA:657,0
DA:658,0
DA:659,0
DA:669,0
DA:670,0
DA:671,0
DA:672,0
DA:674,0
DA:675,0
DA:676,0
DA:678,0
DA:680,0
DA:681,0
DA:687,0
DA:693,0
DA:702,0
DA:703,0
DA:704,0
DA:707,0
DA:708,0
DA:709,0
DA:710,0
DA:711,0
DA:712,0
DA:713,0
DA:714,0
DA:715,0
DA:716,0
DA:719,0
LF:316
LH:0
end_of_record
SF:lib/services/firebase_auth.dart
DA:18,0
DA:22,0
DA:23,0
DA:24,0
DA:27,0
DA:30,0
DA:33,0
DA:34,0
DA:35,0
DA:39,0
DA:41,0
DA:42,0
DA:45,0
DA:46,0
DA:49,0
DA:51,0
DA:52,0
DA:53,0
DA:58,0
DA:70,0
DA:73,0
DA:74,0
DA:75,0
DA:78,0
DA:79,0
DA:83,0
DA:85,0
DA:90,0
DA:111,0
DA:112,0
DA:117,0
DA:118,0
DA:119,0
DA:120,0
DA:121,0
DA:122,0
DA:123,0
DA:124,0
DA:125,0
DA:126,0
DA:127,0
DA:128,0
DA:129,0
DA:130,0
DA:131,0
DA:132,0
DA:134,0
DA:135,0
DA:136,0
DA:140,0
DA:141,0
DA:142,0
DA:143,0
DA:145,0
DA:150,0
DA:161,0
DA:162,0
DA:166,0
DA:170,0
DA:171,0
DA:172,0
DA:173,0
DA:174,0
DA:177,0
DA:179,0
DA:180,0
DA:181,0
DA:182,0
DA:184,0
DA:185,0
DA:186,0
DA:187,0
DA:188,0
DA:189,0
DA:190,0
DA:191,0
DA:192,0
DA:193,0
DA:194,0
DA:195,0
DA:199,0
DA:200,0
DA:201,0
DA:202,0
DA:204,0
DA:205,0
DA:208,0
DA:210,0
DA:211,0
DA:212,0
DA:222,0
DA:224,0
DA:234,0
DA:241,0
DA:242,0
DA:245,0
DA:246,0
DA:249,0
DA:250,0
DA:257,0
DA:261,0
DA:262,0
DA:263,0
DA:266,0
DA:268,0
DA:269,0
DA:277,0
DA:279,0
DA:284,0
DA:287,0
DA:294,0
DA:295,0
DA:298,0
DA:302,0
DA:305,0
DA:309,0
DA:311,0
DA:312,0
DA:313,0
DA:316,0
DA:318,0
DA:321,0
DA:322,0
DA:323,0
DA:326,0
DA:336,0
DA:344,0
DA:345,0
DA:348,0
DA:349,0
DA:355,0
DA:356,0
DA:360,0
DA:361,0
DA:362,0
DA:363,0
DA:365,0
DA:367,0
DA:370,0
DA:374,0
DA:375,0
DA:376,0
DA:377,0
DA:378,0
DA:379,0
DA:382,0
DA:383,0
DA:384,0
DA:387,0
DA:388,0
DA:389,0
DA:390,0
DA:393,0
DA:396,0
DA:397,0
DA:402,0
DA:403,0
DA:404,0
DA:409,0
DA:411,0
DA:417,0
DA:422,0
DA:423,0
DA:424,0
DA:429,0
DA:430,0
DA:432,0
DA:434,0
DA:436,0
DA:438,0
DA:440,0
DA:442,0
DA:444,0
DA:452,0
DA:456,0
DA:457,0
DA:462,0
DA:466,0
DA:472,0
DA:473,0
DA:474,0
DA:479,0
LF:182
LH:0
end_of_record
SF:lib/utils/async_context_handler.dart
DA:5,2
DA:12,2
DA:15,2
DA:18,2
DA:21,1
DA:24,0
DA:27,0
DA:28,0
DA:33,0
DA:34,0
DA:35,0
DA:36,0
LF:12
LH:5
end_of_record
SF:lib/utils/logger.dart
DA:5,0
DA:6,0
DA:17,0
DA:19,0
DA:23,0
DA:25,0
DA:29,0
DA:30,0
DA:33,0
DA:35,0
DA:37,0
LF:11
LH:0
end_of_record
SF:lib/models/event_data.dart
DA:22,1
DA:32,1
DA:36,1
DA:37,3
DA:38,3
DA:39,3
DA:40,3
DA:41,3
DA:42,3
DA:43,3
DA:46,0
DA:48,0
DA:49,0
DA:50,0
DA:51,0
DA:52,0
DA:53,0
DA:54,0
DA:55,0
LF:19
LH:10
end_of_record
SF:lib/models/event_data.g.dart
DA:13,0
DA:15,0
DA:16,0
DA:17,0
DA:19,0
DA:20,0
DA:21,0
DA:22,0
DA:23,0
DA:24,0
DA:25,0
DA:26,0
DA:30,0
DA:33,0
DA:34,0
DA:35,0
DA:36,0
DA:37,0
DA:38,0
DA:39,0
DA:40,0
DA:41,0
DA:42,0
DA:43,0
DA:44,0
DA:45,0
DA:46,0
DA:47,0
DA:50,0
DA:51,0
DA:53,0
DA:56,0
DA:57,0
DA:58,0
LF:34
LH:0
end_of_record
SF:lib/screens/profile/profile_screen.dart
DA:12,1
DA:17,1
DA:18,1
DA:26,1
DA:28,1
DA:29,2
DA:32,1
DA:34,1
DA:35,1
DA:36,1
DA:37,1
DA:38,2
DA:39,1
DA:41,0
DA:42,0
DA:43,0
DA:48,1
DA:50,2
DA:51,0
DA:52,0
DA:54,2
DA:55,1
DA:58,1
DA:59,2
DA:62,0
DA:66,0
DA:67,0
DA:68,0
DA:69,0
DA:70,0
DA:71,0
DA:72,0
DA:74,0
DA:75,0
DA:76,0
DA:77,0
DA:78,0
DA:79,0
DA:80,0
DA:84,0
DA:85,0
DA:92,0
DA:93,0
DA:97,0
DA:98,0
DA:102,0
DA:103,0
DA:104,0
DA:105,0
DA:106,0
DA:107,0
DA:108,0
DA:109,0
DA:113,0
DA:114,0
DA:115,0
DA:116,0
DA:119,0
DA:121,0
DA:122,0
DA:123,0
DA:124,0
DA:126,0
DA:131,0
DA:133,0
DA:134,0
DA:135,0
DA:136,0
DA:137,0
DA:138,0
DA:140,0
DA:141,0
DA:142,0
DA:143,0
DA:145,0
DA:149,0
DA:150,0
DA:154,1
DA:156,1
DA:158,1
DA:160,1
DA:168,1
DA:169,2
DA:170,1
DA:172,0
DA:173,0
DA:175,0
DA:176,0
DA:178,0
DA:180,0
DA:182,0
DA:183,0
DA:184,0
DA:185,0
DA:187,0
DA:192,1
DA:194,1
DA:198,1
DA:210,1
DA:211,1
DA:212,1
DA:213,1
DA:214,2
DA:222,1
DA:223,0
DA:224,0
DA:226,0
DA:233,0
DA:235,0
DA:238,0
DA:239,0
DA:241,0
DA:244,0
DA:245,0
DA:246,0
DA:248,0
DA:249,0
DA:250,0
DA:251,0
DA:253,0
DA:254,0
DA:255,0
DA:256,0
DA:258,0
DA:269,1
DA:276,1
DA:277,1
DA:278,1
DA:279,1
DA:280,1
DA:281,1
DA:291,1
DA:292,1
DA:294,1
DA:296,1
DA:297,1
DA:298,1
DA:299,1
DA:300,1
DA:302,1
DA:303,2
DA:304,0
DA:306,2
DA:307,0
DA:308,0
DA:311,2
DA:312,1
DA:313,2
DA:314,3
DA:324,1
DA:325,1
DA:326,4
DA:329,1
DA:331,1
DA:332,3
DA:333,3
DA:341,2
DA:342,2
DA:343,1
DA:344,3
DA:345,2
DA:346,1
DA:347,0
DA:349,0
DA:351,1
DA:352,0
DA:353,1
DA:354,0
DA:355,2
DA:356,2
DA:366,0
DA:369,0
DA:370,0
DA:371,0
DA:372,0
DA:374,0
DA:377,1
DA:383,1
DA:384,1
DA:385,1
DA:386,1
DA:387,1
DA:388,1
DA:390,1
DA:391,0
DA:392,0
DA:393,0
DA:394,0
DA:402,1
DA:404,1
DA:406,1
DA:407,2
DA:408,2
DA:409,2
DA:411,1
DA:412,1
DA:414,1
DA:415,1
DA:421,1
DA:422,1
DA:424,1
DA:425,0
DA:426,0
DA:428,0
DA:433,1
DA:435,1
DA:436,0
DA:437,0
DA:438,0
DA:441,0
DA:445,0
DA:446,0
DA:449,0
DA:451,0
DA:452,0
DA:453,0
DA:462,1
DA:463,1
DA:465,1
DA:471,0
DA:473,0
DA:474,0
DA:475,0
DA:476,0
DA:477,0
DA:478,0
DA:479,0
DA:480,0
DA:481,0
DA:488,1
DA:489,1
DA:490,1
DA:492,1
DA:493,1
DA:501,1
DA:507,1
DA:508,1
DA:510,1
DA:511,1
DA:520,2
DA:521,0
DA:523,0
DA:524,0
DA:525,0
DA:526,0
DA:529,1
DA:532,3
DA:533,1
DA:534,1
DA:535,1
DA:542,1
DA:543,1
DA:544,1
DA:545,1
DA:546,1
DA:547,4
DA:549,1
DA:551,4
DA:557,0
DA:558,0
DA:559,0
DA:561,0
DA:563,0
DA:565,0
LF:264
LH:124
end_of_record
SF:lib/screens/trails/event_edit_screen.dart
DA:16,1
DA:23,1
DA:24,1
DA:41,1
DA:43,1
DA:44,5
DA:45,5
DA:46,5
DA:47,5
DA:48,6
DA:49,4
DA:50,4
DA:51,5
DA:52,5
DA:53,6
DA:56,1
DA:58,2
DA:59,2
DA:60,2
DA:61,2
DA:62,2
DA:63,1
DA:66,0
DA:68,0
DA:69,0
DA:75,0
DA:76,0
DA:77,0
DA:79,0
DA:82,0
DA:91,0
DA:92,0
DA:96,0
DA:98,0
DA:100,0
DA:102,0
DA:103,0
DA:104,0
DA:108,0
DA:113,0
DA:114,0
DA:115,0
DA:116,0
DA:117,0
DA:118,0
DA:119,0
DA:120,0
DA:121,0
DA:122,0
DA:123,0
DA:124,0
DA:125,0
DA:126,0
DA:129,0
DA:130,0
DA:134,0
DA:135,0
DA:136,0
DA:137,0
DA:138,0
DA:139,0
DA:140,0
DA:141,0
DA:142,0
DA:145,0
DA:146,0
DA:147,0
DA:151,0
DA:152,0
DA:153,0
DA:154,0
DA:160,1
DA:162,1
DA:163,1
DA:165,1
DA:166,1
DA:168,2
DA:172,1
DA:174,1
DA:175,1
DA:176,1
DA:178,1
DA:179,1
DA:180,1
DA:185,0
DA:188,1
DA:189,1
DA:195,0
DA:198,1
DA:199,1
DA:204,0
DA:207,1
DA:208,1
DA:209,1
DA:210,4
DA:211,1
DA:212,0
DA:214,0
DA:223,1
DA:224,1
DA:232,1
DA:233,1
DA:235,2
DA:240,0
DA:243,1
DA:244,1
DA:245,1
DA:247,1
DA:248,1
DA:249,1
DA:251,1
DA:253,1
DA:254,1
DA:255,3
DA:264,1
DA:265,1
DA:266,1
DA:267,1
DA:268,1
DA:269,2
DA:270,5
DA:271,1
DA:272,0
DA:274,0
DA:284,1
DA:285,1
DA:286,1
DA:287,2
DA:288,5
DA:289,1
DA:290,0
DA:292,0
DA:304,1
DA:305,1
DA:306,2
DA:307,1
DA:310,1
DA:312,1
DA:318,1
DA:321,1
DA:322,2
DA:323,0
DA:324,0
DA:327,0
DA:328,0
DA:329,0
DA:331,0
DA:332,0
DA:333,0
DA:334,0
DA:336,0
DA:337,0
DA:338,0
DA:348,0
DA:351,0
DA:352,0
DA:353,0
DA:354,0
DA:357,0
DA:379,3
DA:380,1
DA:381,2
DA:382,1
DA:385,1
DA:386,1
DA:387,1
DA:389,1
DA:391,1
DA:406,1
DA:408,1
DA:409,1
DA:410,1
LF:172
LH:95
end_of_record
SF:lib/services/databaseservice.dart
DA:8,0
DA:13,0
DA:14,0
DA:17,0
DA:20,0
DA:21,0
DA:32,0
DA:35,0
DA:39,0
DA:41,0
DA:46,0
DA:48,0
DA:49,0
DA:52,0
DA:54,0
DA:57,0
DA:61,0
DA:66,0
DA:68,0
DA:69,0
DA:71,0
DA:74,0
DA:75,0
DA:80,0
DA:85,0
DA:87,0
DA:90,0
DA:91,0
DA:92,0
DA:93,0
DA:99,0
DA:100,0
DA:102,0
DA:105,0
DA:107,0
DA:110,0
DA:115,0
DA:117,0
DA:119,0
DA:120,0
DA:121,0
DA:128,0
DA:133,0
DA:136,0
DA:139,0
DA:145,0
DA:147,0
DA:150,0
DA:153,0
DA:154,0
DA:157,0
DA:158,0
DA:160,0
DA:165,0
DA:167,0
DA:168,0
DA:170,0
DA:171,0
DA:172,0
DA:175,0
DA:176,0
DA:179,0
DA:180,0
DA:181,0
DA:183,0
DA:186,0
DA:190,0
DA:194,0
DA:195,0
DA:198,0
DA:199,0
DA:200,0
DA:202,0
DA:204,0
DA:207,0
DA:208,0
DA:212,0
DA:214,0
DA:215,0
DA:216,0
DA:217,0
DA:218,0
DA:220,0
DA:224,0
DA:225,0
DA:228,0
DA:229,0
DA:230,0
DA:234,0
DA:239,0
DA:242,0
DA:246,0
DA:247,0
DA:248,0
DA:249,0
DA:256,0
DA:257,0
DA:258,0
DA:260,0
DA:264,0
DA:267,0
DA:272,0
DA:274,0
DA:277,0
DA:278,0
DA:280,0
LF:106
LH:0
end_of_record
SF:lib/screens/trails/traileventform_screen.dart
DA:15,2
DA:17,1
DA:18,1
DA:37,1
DA:39,1
DA:41,3
DA:44,0
DA:45,0
DA:46,0
DA:47,0
DA:48,0
DA:49,0
DA:52,0
DA:60,0
DA:61,0
DA:64,0
DA:66,0
DA:67,0
DA:68,0
DA:71,0
DA:72,0
DA:73,0
DA:74,0
DA:76,0
DA:77,0
DA:79,0
DA:84,1
DA:85,1
DA:86,1
DA:87,1
DA:88,3
DA:89,1
DA:92,1
DA:93,3
DA:96,1
DA:99,0
DA:100,0
DA:103,0
DA:106,0
DA:107,0
DA:110,0
DA:111,0
DA:113,0
DA:115,0
DA:117,0
DA:118,0
DA:119,0
DA:120,0
DA:121,0
DA:122,0
DA:123,0
DA:124,0
DA:125,0
DA:130,0
DA:131,0
DA:133,0
DA:138,0
DA:139,0
DA:142,0
DA:144,0
DA:145,0
DA:146,0
DA:147,0
DA:148,0
DA:149,0
DA:150,0
DA:151,0
DA:152,0
DA:157,0
DA:158,0
DA:160,0
DA:165,0
DA:166,0
DA:168,0
DA:170,1
DA:171,2
DA:172,1
DA:175,0
DA:176,0
DA:177,0
DA:178,0
DA:180,0
DA:181,0
DA:183,0
DA:188,1
DA:189,1
DA:190,1
DA:191,1
DA:192,1
DA:193,1
DA:194,1
DA:195,1
DA:196,1
DA:197,1
DA:200,2
DA:201,2
DA:202,1
DA:211,1
DA:213,0
DA:214,0
DA:215,0
DA:216,0
DA:218,0
DA:223,1
DA:225,1
DA:226,1
DA:227,1
DA:229,1
DA:232,1
DA:233,1
DA:234,1
DA:235,1
DA:236,1
DA:237,1
DA:238,1
DA:239,3
DA:241,1
DA:243,1
DA:244,0
DA:245,0
DA:246,0
DA:247,0
DA:254,1
DA:258,1
DA:259,1
DA:260,1
DA:261,2
DA:264,2
DA:265,2
DA:266,1
DA:269,1
DA:270,1
DA:271,1
DA:272,2
DA:273,1
DA:275,2
DA:276,2
DA:277,1
DA:280,1
DA:281,1
DA:286,2
DA:287,2
DA:288,1
DA:291,1
DA:292,1
DA:293,1
DA:294,4
DA:295,1
DA:296,4
DA:303,1
DA:304,1
DA:311,1
DA:312,1
DA:314,2
DA:319,3
DA:325,1
DA:326,1
DA:327,1
DA:329,1
DA:330,1
DA:331,1
DA:333,1
DA:335,1
DA:336,1
DA:337,1
DA:338,2
DA:339,7
DA:349,1
DA:350,1
DA:351,1
DA:352,1
DA:353,1
DA:354,2
DA:355,5
DA:356,1
DA:357,4
DA:365,1
DA:366,1
DA:367,1
DA:368,2
DA:369,5
DA:370,1
DA:371,4
DA:383,1
DA:384,1
DA:385,1
DA:387,0
DA:388,0
DA:389,0
DA:390,0
DA:393,0
DA:394,0
DA:395,0
DA:396,0
DA:399,0
DA:412,1
DA:414,1
DA:415,1
DA:420,1
DA:422,1
DA:423,1
DA:424,3
DA:434,1
DA:437,2
DA:438,2
DA:439,2
DA:440,2
DA:441,2
DA:442,1
LF:209
LH:125
end_of_record
SF:lib/screens/trails/trail_list_screen.dart
DA:14,1
DA:16,1
DA:17,1
DA:36,1
DA:38,1
DA:40,1
DA:41,2
DA:42,1
DA:43,1
DA:47,1
DA:48,2
DA:49,2
DA:50,3
DA:52,0
DA:53,0
DA:54,0
DA:56,4
DA:60,1
DA:61,2
DA:62,0
DA:64,0
DA:65,0
DA:66,0
DA:68,0
DA:72,0
DA:73,0
DA:76,1
DA:79,2
DA:80,0
DA:82,0
DA:84,0
DA:85,0
DA:87,0
DA:88,0
DA:89,0
DA:90,0
DA:97,0
DA:98,0
DA:99,0
DA:101,0
DA:102,0
DA:103,0
DA:107,0
DA:108,0
DA:112,0
DA:115,0
DA:116,0
DA:117,0
DA:123,0
DA:124,0
DA:127,0
DA:128,0
DA:129,0
DA:135,0
DA:137,0
DA:141,0
DA:142,0
DA:144,0
DA:145,0
DA:146,0
DA:147,0
DA:149,0
DA:151,0
DA:154,0
DA:156,0
DA:157,0
DA:158,0
DA:160,0
DA:161,0
DA:162,0
DA:163,0
DA:168,0
DA:170,0
DA:171,0
DA:172,0
DA:183,0
DA:184,0
DA:185,0
DA:186,0
DA:190,0
DA:191,0
DA:192,0
DA:193,0
DA:205,0
DA:206,0
DA:208,0
DA:209,0
DA:210,0
DA:211,0
DA:213,0
DA:215,0
DA:218,0
DA:227,0
DA:228,0
DA:229,0
DA:230,0
DA:234,0
DA:235,0
DA:236,0
DA:237,0
DA:238,0
DA:245,0
DA:246,0
DA:249,0
DA:252,0
DA:253,0
DA:254,0
DA:260,0
DA:261,0
DA:269,0
DA:270,0
DA:271,0
DA:273,0
DA:278,0
DA:283,0
DA:296,1
DA:297,2
DA:298,1
DA:300,1
DA:304,1
DA:305,2
DA:306,2
DA:307,3
DA:308,4
DA:313,1
DA:314,2
DA:315,2
DA:316,3
DA:317,4
DA:322,0
DA:324,0
DA:325,0
DA:327,0
DA:328,0
DA:329,0
DA:330,0
DA:332,0
DA:335,0
DA:345,0
DA:346,0
DA:347,0
DA:348,0
DA:352,0
DA:353,0
DA:354,0
DA:355,0
DA:366,0
DA:367,0
DA:368,0
DA:369,0
DA:371,0
DA:374,0
DA:375,0
DA:376,0
DA:377,0
DA:378,0
DA:383,0
DA:385,0
DA:386,0
DA:387,0
DA:388,0
DA:389,0
DA:395,0
DA:396,0
DA:397,0
DA:398,0
DA:409,0
DA:411,0
DA:413,0
DA:415,0
DA:416,0
DA:417,0
DA:418,0
DA:419,0
DA:422,0
DA:424,0
DA:425,0
DA:426,0
DA:427,0
DA:428,0
DA:429,0
DA:432,0
DA:433,0
DA:434,0
DA:435,0
DA:438,0
DA:441,0
DA:442,0
DA:444,0
DA:447,0
DA:448,0
DA:449,0
DA:450,0
DA:451,0
DA:455,0
DA:456,0
DA:457,0
DA:461,0
DA:462,0
DA:464,0
DA:465,0
DA:469,0
DA:470,0
DA:471,0
DA:476,0
DA:477,0
DA:478,0
DA:479,0
DA:480,0
DA:482,0
DA:483,0
DA:484,0
DA:485,0
DA:486,0
DA:492,0
DA:493,0
DA:494,0
DA:495,0
DA:496,0
DA:498,0
DA:499,0
DA:500,0
DA:501,0
DA:502,0
DA:503,0
DA:507,0
DA:508,0
DA:510,0
DA:513,0
DA:514,0
DA:515,0
DA:518,0
DA:519,0
DA:529,0
DA:534,0
DA:537,0
DA:538,0
DA:539,0
DA:543,0
DA:548,0
DA:551,0
DA:552,0
DA:562,1
DA:564,1
DA:565,3
DA:566,1
DA:570,1
DA:571,2
DA:572,1
DA:573,1
DA:578,2
DA:579,3
DA:582,2
DA:583,2
DA:584,1
DA:586,3
DA:589,1
DA:590,2
DA:591,1
DA:592,1
DA:597,2
DA:598,3
DA:601,1
DA:604,2
DA:605,2
DA:610,2
DA:611,2
DA:612,2
DA:613,1
DA:616,2
DA:619,2
DA:620,3
DA:621,1
DA:622,1
DA:626,2
DA:627,2
DA:628,1
DA:632,2
DA:633,2
DA:634,1
DA:635,2
DA:640,1
DA:642,1
DA:643,1
DA:645,1
DA:646,1
DA:648,1
DA:653,1
DA:654,1
DA:656,1
DA:658,1
DA:659,1
DA:661,1
DA:662,1
DA:668,1
DA:669,1
DA:671,1
DA:672,2
DA:673,1
DA:675,1
DA:676,1
DA:678,1
DA:681,1
DA:682,2
DA:685,0
DA:687,0
DA:688,0
DA:689,0
DA:693,1
DA:694,2
DA:695,1
DA:697,1
DA:699,1
DA:700,1
DA:705,1
DA:716,1
DA:717,1
DA:719,2
DA:720,3
DA:721,2
DA:722,0
DA:723,0
DA:725,0
DA:726,0
DA:727,0
DA:729,0
DA:733,0
DA:734,0
DA:740,1
DA:741,1
DA:742,1
DA:744,2
DA:745,1
DA:746,2
DA:747,1
DA:748,0
DA:749,1
DA:750,1
DA:751,1
DA:755,1
DA:757,1
DA:759,1
DA:760,1
DA:762,1
DA:763,1
DA:764,1
DA:765,3
DA:769,1
DA:771,0
DA:777,2
DA:778,2
DA:779,1
DA:780,3
DA:781,1
DA:782,3
DA:783,1
DA:784,1
DA:785,2
DA:786,1
DA:789,2
DA:792,1
DA:793,3
DA:794,1
DA:795,6
DA:796,1
DA:797,3
DA:798,1
DA:799,7
DA:801,1
DA:803,1
DA:805,1
DA:806,1
DA:807,2
DA:808,1
DA:809,2
DA:810,1
DA:811,2
DA:816,1
DA:817,0
DA:837,1
DA:839,1
DA:841,1
DA:843,1
DA:850,1
DA:852,1
DA:863,1
DA:865,1
DA:867,1
DA:869,1
LF:389
LH:164
end_of_record
