SF:lib\models\trail_data.dart
DA:12,1
DA:25,0
DA:26,0
DA:27,0
DA:28,0
DA:29,0
DA:30,0
DA:31,0
DA:32,0
DA:33,0
DA:34,0
DA:35,0
DA:40,0
DA:41,0
DA:42,0
DA:43,0
DA:44,0
DA:45,0
DA:46,0
DA:47,0
DA:48,0
DA:49,0
DA:50,0
LF:23
LH:1
end_of_record
SF:lib\screens\trails\event_edit_screen.dart
DA:13,1
DA:18,1
DA:20,1
DA:21,1
DA:38,1
DA:40,1
DA:41,5
DA:42,5
DA:43,5
DA:44,5
DA:45,6
DA:46,4
DA:47,4
DA:48,5
DA:49,5
DA:50,6
DA:53,1
DA:55,2
DA:56,2
DA:57,2
DA:58,2
DA:59,2
DA:60,1
DA:63,0
DA:64,0
DA:65,0
DA:71,0
DA:73,0
DA:81,0
DA:82,0
DA:86,0
DA:87,0
DA:90,0
DA:94,0
DA:95,0
DA:96,0
DA:97,0
DA:98,0
DA:99,0
DA:100,0
DA:101,0
DA:102,0
DA:103,0
DA:104,0
DA:105,0
DA:108,0
DA:109,0
DA:113,0
DA:114,0
DA:115,0
DA:116,0
DA:117,0
DA:118,0
DA:121,0
DA:122,0
DA:123,0
DA:128,1
DA:130,1
DA:131,1
DA:133,1
DA:134,1
DA:136,2
DA:140,1
DA:142,1
DA:143,1
DA:144,1
DA:146,1
DA:147,1
DA:148,1
DA:153,0
DA:156,1
DA:157,1
DA:163,0
DA:166,1
DA:167,1
DA:172,0
DA:175,1
DA:176,1
DA:177,1
DA:178,4
DA:179,1
DA:180,0
DA:182,0
DA:191,1
DA:192,1
DA:200,1
DA:201,1
DA:203,2
DA:208,0
DA:211,1
DA:212,1
DA:213,1
DA:215,1
DA:216,1
DA:217,1
DA:219,1
DA:221,1
DA:222,1
DA:223,3
DA:232,1
DA:233,1
DA:234,1
DA:235,1
DA:236,1
DA:237,2
DA:238,5
DA:239,1
DA:240,0
DA:242,0
DA:252,1
DA:253,1
DA:254,1
DA:255,2
DA:256,5
DA:257,1
DA:258,0
DA:260,0
DA:272,1
DA:273,1
DA:274,2
DA:275,1
DA:278,1
DA:280,1
DA:286,1
DA:289,1
DA:290,2
DA:291,0
DA:292,0
DA:295,0
DA:296,0
DA:297,0
DA:299,0
DA:300,0
DA:301,0
DA:304,0
DA:305,0
DA:306,0
DA:316,0
DA:319,0
DA:320,0
DA:321,0
DA:322,0
DA:325,0
DA:346,1
DA:347,3
DA:348,1
DA:349,2
DA:350,1
DA:353,1
DA:354,1
DA:355,1
DA:357,1
DA:359,1
DA:374,1
DA:375,1
DA:376,1
LF:156
LH:96
end_of_record
SF:lib\screens\trails\eventform_screen.dart
DA:12,1
DA:14,1
DA:15,1
DA:32,0
DA:33,0
DA:35,0
DA:36,0
DA:41,0
DA:42,0
DA:43,0
DA:44,0
DA:50,0
DA:51,0
DA:57,0
DA:58,0
DA:59,0
DA:60,0
DA:61,0
DA:62,0
DA:63,0
DA:64,0
DA:65,0
DA:66,0
DA:70,0
DA:72,0
DA:76,0
DA:80,0
DA:81,0
DA:82,0
DA:83,0
DA:84,0
DA:85,0
DA:86,0
DA:89,0
DA:90,0
DA:91,0
DA:96,1
DA:98,1
DA:99,1
DA:100,1
DA:103,1
DA:104,1
DA:105,1
DA:106,1
DA:107,1
DA:108,1
DA:113,0
DA:116,1
DA:117,1
DA:122,0
DA:125,1
DA:126,1
DA:131,0
DA:134,1
DA:135,1
DA:136,1
DA:137,4
DA:138,1
DA:139,4
DA:146,1
DA:147,1
DA:154,1
DA:155,1
DA:157,2
DA:162,0
DA:169,1
DA:170,1
DA:171,1
DA:173,1
DA:174,1
DA:175,1
DA:177,1
DA:179,1
DA:180,1
DA:181,1
DA:183,0
DA:194,1
DA:195,1
DA:196,1
DA:197,1
DA:198,1
DA:199,2
DA:200,5
DA:201,1
DA:202,0
DA:210,1
DA:211,1
DA:212,1
DA:213,2
DA:214,5
DA:215,1
DA:216,0
DA:228,1
DA:229,1
DA:230,1
DA:232,0
DA:234,1
DA:236,1
DA:237,1
DA:241,1
DA:242,1
LF:101
LH:60
end_of_record
SF:lib\services\databaseservice.dart
DA:7,3
DA:20,1
DA:23,0
DA:25,0
DA:30,0
DA:31,0
DA:32,0
DA:35,0
DA:38,0
DA:39,0
DA:40,0
DA:41,0
DA:42,0
DA:43,0
DA:44,0
DA:45,0
DA:46,0
DA:47,0
DA:48,0
DA:49,0
DA:51,0
DA:58,0
DA:59,0
DA:60,0
DA:61,0
DA:62,0
DA:68,0
DA:69,0
DA:70,0
DA:73,0
DA:74,0
DA:79,0
DA:81,0
DA:84,0
DA:85,0
DA:86,0
DA:87,0
DA:88,0
DA:89,0
DA:90,0
DA:91,0
DA:92,0
DA:93,0
DA:94,0
DA:95,0
DA:101,0
DA:102,0
DA:103,0
DA:106,0
DA:110,0
LF:50
LH:2
end_of_record
